<?xml version="1.0" encoding="UTF-8"?>
<testng-results ignored="0" total="1" passed="1" failed="0" skipped="0">
  <reporter-output>
  </reporter-output>
  <suite started-at="2023-02-14T12:11:53 PST" name="Default suite" finished-at="2023-02-14T12:12:34 PST" duration-ms="40658">
    <groups>
    </groups>
    <test started-at="2023-02-14T12:11:53 PST" name="Default test" finished-at="2023-02-14T12:12:34 PST" duration-ms="40658">
      <class name="TestNGYouTube.MazaAnandTestNG1">
        <test-method is-config="true" signature="beforeclass()[pri:0, instance:TestNGYouTube.MazaAnandTestNG1@3daa422a]" started-at="2023-02-14T12:11:54 PST" name="beforeclass" finished-at="2023-02-14T12:11:56 PST" duration-ms="2182" status="PASS">
          <reporter-output>
          </reporter-output>
        </test-method> <!-- beforeclass -->
        <test-method is-config="true" signature="beforeMethod()[pri:0, instance:TestNGYouTube.MazaAnandTestNG1@3daa422a]" started-at="2023-02-14T12:11:56 PST" name="beforeMethod" finished-at="2023-02-14T12:12:27 PST" duration-ms="31118" status="PASS">
          <reporter-output>
          </reporter-output>
        </test-method> <!-- beforeMethod -->
        <test-method signature="test()[pri:0, instance:TestNGYouTube.MazaAnandTestNG1@3daa422a]" started-at="2023-02-14T12:12:27 PST" name="test" finished-at="2023-02-14T12:12:34 PST" duration-ms="7288" status="PASS">
          <reporter-output>
          </reporter-output>
        </test-method> <!-- test -->
        <test-method is-config="true" signature="aftermethod()[pri:0, instance:TestNGYouTube.MazaAnandTestNG1@3daa422a]" started-at="2023-02-14T12:12:34 PST" name="aftermethod" finished-at="2023-02-14T12:12:34 PST" duration-ms="0" status="PASS">
          <reporter-output>
          </reporter-output>
        </test-method> <!-- aftermethod -->
        <test-method is-config="true" signature="afterclass()[pri:0, instance:TestNGYouTube.MazaAnandTestNG1@3daa422a]" started-at="2023-02-14T12:12:34 PST" name="afterclass" finished-at="2023-02-14T12:12:34 PST" duration-ms="1" status="PASS">
          <reporter-output>
          </reporter-output>
        </test-method> <!-- afterclass -->
      </class> <!-- TestNGYouTube.MazaAnandTestNG1 -->
    </test> <!-- Default test -->
  </suite> <!-- Default suite -->
</testng-results>
